빌드 시작: 2016. 7. 12. 오전 4:28:59
     1>2 노드의 "\\Mac\Home\Documents\FlashBot\FlashBot\FlashBot.vcxproj" 프로젝트(Build 대상)입니다.
     1>ClCompile:
         C:\Program Files (x86)\Microsoft Visual Studio 12.0\VC\bin\CL.exe /c /I../include /I../SparCraft/source /I../BOSS/source /Zi /nologo /W3 /WX- /MP /O2 /Oi /Oy- /GL /D NOMINMAX /D WIN32 /D NDEBUG /D _WINDOWS /D _USRDLL /D EXAMPLEAIMODULE_EXPORTS /D _WINDLL /Gm- /EHsc /MD /GS /Gy /fp:precise /Zc:wchar_t /Zc:forScope /Fo"Release\\" /Fd"Release\vc120.pdb" /Gd /TP /analyze- /errorReport:prompt Source\CombatCommander.cpp Source\Config.cpp Source\Dll.cpp Source\FlashBotModule.cpp Source\GameCommander.cpp Source\Squad.cpp
         CombatCommander.cpp
         Config.cpp
         Dll.cpp
         FlashBotModule.cpp
         GameCommander.cpp
         Squad.cpp
       Link:
         C:\Program Files (x86)\Microsoft Visual Studio 12.0\VC\bin\link.exe /ERRORREPORT:PROMPT /OUT:"\\Mac\Home\Documents\FlashBot\FlashBot\Release\FlashBot.dll" /INCREMENTAL:NO /NOLOGO /LIBPATH:../lib ../lib/BWAPI.lib ../lib/BWTA.lib "../lib/libboost_system-vc120-mt-1_56.lib" "../lib/libboost_thread-vc120-mt-1_56.lib" "../lib/libCGAL-vc120-mt-4.4.lib" "../lib/libgmp-10.lib" "../lib/libmpfr-4.lib" ../SparCraft/VisualStudio/Release/SparCraft/SparCraft.lib ../BOSS/bin/BOSS.lib kernel32.lib user32.lib gdi32.lib winspool.lib comdlg32.lib advapi32.lib shell32.lib ole32.lib oleaut32.lib uuid.lib odbc32.lib odbccp32.lib /MANIFEST /MANIFESTUAC:"level='asInvoker' uiAccess='false'" /manifest:embed /DEBUG /PDB:"\\Mac\Home\Documents\FlashBot\FlashBot\Release\FlashBot.pdb" /SUBSYSTEM:WINDOWS /OPT:REF /OPT:ICF /LTCG /TLBID:1 /DYNAMICBASE /NXCOMPAT /IMPLIB:"Release\FlashBot.lib" /MACHINE:X86 /SAFESEH /DLL Release\CombatCommander.obj
         Release\Config.obj
         Release\Dll.obj
         Release\FlashBotModule.obj
         Release\GameCommander.obj
         Release\Squad.obj
            Release\FlashBot.lib 라이브러리 및 Release\FlashBot.exp 개체를 생성하고 있습니다.
         코드를 생성하고 있습니다.
         코드를 생성했습니다.
         FlashBot.vcxproj -> \\Mac\Home\Documents\FlashBot\FlashBot\Release\FlashBot.dll
     1>"\\Mac\Home\Documents\FlashBot\FlashBot\FlashBot.vcxproj" 프로젝트를 빌드했습니다(Build 대상).

빌드했습니다.

경과 시간: 00:00:18.62
